<?xml version="1.0" encoding="UTF-8"?>
<testsuite name="ContactsTest" tests="1" skipped="0" failures="0" errors="0" timestamp="2020-06-18T10:01:29" hostname="Николай-ПК" time="0.311">
  <properties/>
  <testcase name="start" classname="ContactsTest" time="0.311"/>
  <system-out><![CDATA[?[1;31m
Start test 1?[0m
x

[menu] Enter action (add, list, search, count, exit):
> exit
?[1;31m
Start test 2?[0m
x

[menu] Enter action (add, list, search, count, exit):
> count
The Phone Book has 0 records

[menu] Enter action (add, list, search, count, exit):
> exit
?[1;31m
Start test 3?[0m
x

[menu] Enter action (add, list, search, count, exit):
> add
Enter the type (person, organization):
> person
Enter the name of the person:
> John
Enter the surname of the person:
> Smith
Enter the birth date: 
> 
Bad birth date!
Enter the gender (M, F): 
> 
Bad gender!
Enter the number:
> 123 456 789
The record added.

[menu] Enter action (add, list, search, count, exit):
> count
The Phone Book has 1 records

[menu] Enter action (add, list, search, count, exit):
> exit
?[1;31m
Start test 4?[0m
x

[menu] Enter action (add, list, search, count, exit):
> add
Enter the type (person, organization):
> person
Enter the name of the person:
> John
Enter the surname of the person:
> Smith
Enter the birth date: 
> 
Bad birth date!
Enter the gender (M, F): 
> 
Bad gender!
Enter the number:
> 123 456 789
The record added.

[menu] Enter action (add, list, search, count, exit):
> list
1. John Smith
[list] Enter action ([number], back):
> 1
Name: John
Surname: Smith
Birth date: [no data]
Gender: [no data]
Number: 123 456 789
Time created: 2020-06-18T13:01:29.413245800
Time last edit: 2020-06-18T13:01:29.416246

[record] Enter action (edit, delete, menu): 
> menu

[menu] Enter action (add, list, search, count, exit):
> exit
?[1;31m
Start test 5?[0m
x

[menu] Enter action (add, list, search, count, exit):
> add
Enter the type (person, organization):
> organization
Enter the organization name:
> Pizza Shop
Enter the address:
> Wall St. 1
Enter the number:
> +0 (123) 456-789-9999
The record added.

[menu] Enter action (add, list, search, count, exit):
> list
1. Pizza Shop
[list] Enter action ([number], back):
> 1
Organization name: Pizza Shop
Address: Wall St. 1
Number: +0 (123) 456-789-9999
Time created: 2020-06-18T13:01:29.475249400
Time last edit: 2020-06-18T13:01:29.476249400

[record] Enter action (edit, delete, menu): 
> menu

[menu] Enter action (add, list, search, count, exit):
> exit
?[1;31m
Start test 6?[0m
x

[menu] Enter action (add, list, search, count, exit):
> add
Enter the type (person, organization):
> person
Enter the name of the person:
> John
Enter the surname of the person:
> Smith
Enter the birth date: 
> 
Bad birth date!
Enter the gender (M, F): 
> 
Bad gender!
Enter the number:
> 123 456 789
The record added.

[menu] Enter action (add, list, search, count, exit):
> list
1. John Smith
[list] Enter action ([number], back):
> 1
Name: John
Surname: Smith
Birth date: [no data]
Gender: [no data]
Number: 123 456 789
Time created: 2020-06-18T13:01:29.500250800
Time last edit: 2020-06-18T13:01:29.501250800

[record] Enter action (edit, delete, menu): 
> edit
Select a field (name, surname, birth, gender, number): 
> gender
Enter gender
> M
Saved
Name: John
Surname: Smith
Birth date: [no data]
Gender: M
Number: 123 456 789
Time created: 2020-06-18T13:01:29.500250800
Time last edit: 2020-06-18T13:01:29.516251700

[record] Enter action (edit, delete, menu): 
> menu

[menu] Enter action (add, list, search, count, exit):
> list
1. John Smith
[list] Enter action ([number], back):
> 1
Name: John
Surname: Smith
Birth date: [no data]
Gender: M
Number: 123 456 789
Time created: 2020-06-18T13:01:29.500250800
Time last edit: 2020-06-18T13:01:29.516251700

[record] Enter action (edit, delete, menu): 
> menu

[menu] Enter action (add, list, search, count, exit):
> exit
?[1;31m
Start test 7?[0m
x

[menu] Enter action (add, list, search, count, exit):
> add
Enter the type (person, organization):
> organization
Enter the organization name:
> Pizza Shop
Enter the address:
> Wall St. 1
Enter the number:
> +0 (123) 456-789-9999
The record added.

[menu] Enter action (add, list, search, count, exit):
> list
1. Pizza Shop
[list] Enter action ([number], back):
> 1
Organization name: Pizza Shop
Address: Wall St. 1
Number: +0 (123) 456-789-9999
Time created: 2020-06-18T13:01:29.534252700
Time last edit: 2020-06-18T13:01:29.536252800

[record] Enter action (edit, delete, menu): 
> edit
Select a field (name, address, number): 
> address
Enter address
> Wall St 2
Saved
Organization name: Pizza Shop
Address: Wall St 2
Number: +0 (123) 456-789-9999
Time created: 2020-06-18T13:01:29.534252700
Time last edit: 2020-06-18T13:01:29.540253100

[record] Enter action (edit, delete, menu): 
> menu

[menu] Enter action (add, list, search, count, exit):
> list
1. Pizza Shop
[list] Enter action ([number], back):
> 1
Organization name: Pizza Shop
Address: Wall St 2
Number: +0 (123) 456-789-9999
Time created: 2020-06-18T13:01:29.534252700
Time last edit: 2020-06-18T13:01:29.540253100

[record] Enter action (edit, delete, menu): 
> menu

[menu] Enter action (add, list, search, count, exit):
> exit
?[1;31m
Start test 8?[0m
x

[menu] Enter action (add, list, search, count, exit):
> add
Enter the type (person, organization):
> organization
Enter the organization name:
> Pizza Shop
Enter the address:
> Wall St. 1
Enter the number:
> +0 (123) 456-789-9999
The record added.

[menu] Enter action (add, list, search, count, exit):
> add
Enter the type (person, organization):
> person
Enter the name of the person:
> John
Enter the surname of the person:
> Smith
Enter the birth date: 
> 
Bad birth date!
Enter the gender (M, F): 
> 
Bad gender!
Enter the number:
> 123 456 789
The record added.

[menu] Enter action (add, list, search, count, exit):
> add
Enter the type (person, organization):
> organization
Enter the organization name:
> PizzaNuts
Enter the address:
> Wall St. 6
Enter the number:
> +0 (123) 456-789-9999
The record added.

[menu] Enter action (add, list, search, count, exit):
> search
Enter search query: 
> pizz
1. Pizza Shop
2. PizzaNuts
[search] Enter action ([number], back, again): 
> 1
Organization name: Pizza Shop
Address: Wall St. 1
Number: +0 (123) 456-789-9999
Time created: 2020-06-18T13:01:29.552253800
Time last edit: 2020-06-18T13:01:29.553253800

[record] Enter action (edit, delete, menu): 
> menu

[menu] Enter action (add, list, search, count, exit):
> exit
?[1;31m
Start test 9?[0m
x

[menu] Enter action (add, list, search, count, exit):
> add
Enter the type (person, organization):
> organization
Enter the organization name:
> Pizza Shop
Enter the address:
> Wall St. 1
Enter the number:
> +0 (123) 456-789-9999
The record added.

[menu] Enter action (add, list, search, count, exit):
> add
Enter the type (person, organization):
> person
Enter the name of the person:
> John
Enter the surname of the person:
> Smith
Enter the birth date: 
> 
Bad birth date!
Enter the gender (M, F): 
> 
Bad gender!
Enter the number:
> 123 456 789
The record added.

[menu] Enter action (add, list, search, count, exit):
> add
Enter the type (person, organization):
> organization
Enter the organization name:
> PizzaNuts
Enter the address:
> Wall St. 6
Enter the number:
> +0 (123) 456-789-9999
The record added.

[menu] Enter action (add, list, search, count, exit):
> search
Enter search query: 
> s
1. Pizza Shop
2. John Smith
3. PizzaNuts
[search] Enter action ([number], back, again): 
> 1
Organization name: Pizza Shop
Address: Wall St. 1
Number: +0 (123) 456-789-9999
Time created: 2020-06-18T13:01:29.573255
Time last edit: 2020-06-18T13:01:29.575255100

[record] Enter action (edit, delete, menu): 
> menu

[menu] Enter action (add, list, search, count, exit):
> exit
?[1;31m
Start test 10?[0m
x

[menu] Enter action (add, list, search, count, exit):
> add
Enter the type (person, organization):
> organization
Enter the organization name:
> Pizza Shop
Enter the address:
> Wall St. 1
Enter the number:
> +0 (123) 456-789-9999
The record added.

[menu] Enter action (add, list, search, count, exit):
> add
Enter the type (person, organization):
> person
Enter the name of the person:
> John
Enter the surname of the person:
> Smith
Enter the birth date: 
> 
Bad birth date!
Enter the gender (M, F): 
> 
Bad gender!
Enter the number:
> 123 456 789
The record added.

[menu] Enter action (add, list, search, count, exit):
> add
Enter the type (person, organization):
> organization
Enter the organization name:
> PizzaNuts
Enter the address:
> Wall St. 6
Enter the number:
> +0 (123) 456-781-9999
The record added.

[menu] Enter action (add, list, search, count, exit):
> search
Enter search query: 
> 789
1. Pizza Shop
2. John Smith
[search] Enter action ([number], back, again): 
> 1
Organization name: Pizza Shop
Address: Wall St. 1
Number: +0 (123) 456-789-9999
Time created: 2020-06-18T13:01:29.607256900
Time last edit: 2020-06-18T13:01:29.617257500

[record] Enter action (edit, delete, menu): 
> menu

[menu] Enter action (add, list, search, count, exit):
> exit
]]></system-out>
  <system-err><![CDATA[]]></system-err>
</testsuite>
